[2025-04-08 19:49:31] ERROR: Test Error: Error: No tests found.
Make sure that arguments are regular expressions matching test files.
You may need to escape symbols like "$" or "*" and quote the arguments.
[2025-04-08 19:50:56] ERROR: Test Error: Error: No tests found.
Make sure that arguments are regular expressions matching test files.
You may need to escape symbols like "$" or "*" and quote the arguments.
[2025-04-08 19:51:24] ERROR: Test Error: Error: No tests found.
Make sure that arguments are regular expressions matching test files.
You may need to escape symbols like "$" or "*" and quote the arguments.
[2025-04-08 19:51:44] ERROR: Test Error: Error: No tests found.
Make sure that arguments are regular expressions matching test files.
You may need to escape symbols like "$" or "*" and quote the arguments.
[2025-04-08 19:55:08] ERROR: Test Error: Error: No tests found.
Make sure that arguments are regular expressions matching test files.
You may need to escape symbols like "$" or "*" and quote the arguments.
[2025-04-08 19:56:11] ERROR: Test Error: Error: No tests found.
Make sure that arguments are regular expressions matching test files.
You may need to escape symbols like "$" or "*" and quote the arguments.
[2025-04-08 20:59:13] ERROR: Test Error: Error: No tests found
[2025-05-07 12:32:17] ERROR: Test Error: Error: Package subpath './.' is not defined by "exports" in /Users/nehachadha/59club_playwright/node_modules/@faker-js/faker/package.json
[2025-05-07 12:32:17] ERROR: Test Error: Error: No tests found.
Make sure that arguments are regular expressions matching test files.
You may need to escape symbols like "$" or "*" and quote the arguments.
[2025-05-12 06:56:43] ERROR: Test Error: TypeError: Cannot read properties of undefined (reading 'beforeEach')
[2025-05-12 06:56:43] ERROR: Test Error: TypeError: Cannot read properties of undefined (reading 'describe')
[2025-05-12 06:57:54] ERROR: Test Error: TypeError: Cannot read properties of undefined (reading 'beforeEach')
[2025-05-12 12:22:33] ERROR: Test Error: Error: No tests found.
Make sure that arguments are regular expressions matching test files.
You may need to escape symbols like "$" or "*" and quote the arguments.
[2025-05-13 14:02:26] ERROR: Test Error: Error: No tests found.
Make sure that arguments are regular expressions matching test files.
You may need to escape symbols like "$" or "*" and quote the arguments.
[2025-05-13 14:02:45] ERROR: Test Error: Error: No tests found.
Make sure that arguments are regular expressions matching test files.
You may need to escape symbols like "$" or "*" and quote the arguments.
[2025-05-13 14:04:01] ERROR: Test Error: Error: No tests found.
Make sure that arguments are regular expressions matching test files.
You may need to escape symbols like "$" or "*" and quote the arguments.
[2025-05-13 14:04:40] ERROR: Test Error: Error: Failed to read users.json or file is empty.
[2025-05-13 14:04:40] ERROR: Test Error: Error: No tests found.
Make sure that arguments are regular expressions matching test files.
You may need to escape symbols like "$" or "*" and quote the arguments.
[2025-05-13 14:10:25] ERROR: Test Error: Error: Failed to read users.json or file is empty.
[2025-05-13 14:10:25] ERROR: Test Error: Error: No tests found.
Make sure that arguments are regular expressions matching test files.
You may need to escape symbols like "$" or "*" and quote the arguments.
[2025-05-13 14:10:45] ERROR: Test Error: Error: No tests found.
Make sure that arguments are regular expressions matching test files.
You may need to escape symbols like "$" or "*" and quote the arguments.
[2025-05-13 14:11:41] ERROR: Test Error: Error: Failed to read users.json or file is empty.
[2025-05-13 14:11:41] ERROR: Test Error: Error: No tests found.
Make sure that arguments are regular expressions matching test files.
You may need to escape symbols like "$" or "*" and quote the arguments.
[2025-05-13 14:27:01] ERROR: Test Error: Error: Failed to read users.json: users.json is empty or invalid.
[2025-05-13 14:27:01] ERROR: Test Error: Error: No tests found.
Make sure that arguments are regular expressions matching test files.
You may need to escape symbols like "$" or "*" and quote the arguments.
[2025-05-13 14:28:35] ERROR: Test Error: Error: Failed to read users.json: users.json is empty or invalid.
[2025-05-13 14:28:35] ERROR: Test Error: Error: No tests found.
Make sure that arguments are regular expressions matching test files.
You may need to escape symbols like "$" or "*" and quote the arguments.
[2025-05-13 15:33:34] ERROR: Test Error: Error: No tests found
[2025-05-13 15:47:33] ERROR: Test Error: Error: No tests found.
Make sure that arguments are regular expressions matching test files.
You may need to escape symbols like "$" or "*" and quote the arguments.
[2025-05-13 15:48:11] ERROR: Test Error: Error: No tests found.
Make sure that arguments are regular expressions matching test files.
You may need to escape symbols like "$" or "*" and quote the arguments.
[2025-05-13 15:50:03] ERROR: Test Error: Error: No tests found.
Make sure that arguments are regular expressions matching test files.
You may need to escape symbols like "$" or "*" and quote the arguments.
[2025-05-13 15:52:34] ERROR: Test Error: Error: No tests found.
Make sure that arguments are regular expressions matching test files.
You may need to escape symbols like "$" or "*" and quote the arguments.
[2025-05-13 15:57:46] ERROR: Test Error: Error: No tests found.
Make sure that arguments are regular expressions matching test files.
You may need to escape symbols like "$" or "*" and quote the arguments.
[2025-05-13 15:59:12] ERROR: Test Error: Error: No tests found.
Make sure that arguments are regular expressions matching test files.
You may need to escape symbols like "$" or "*" and quote the arguments.
[2025-05-13 16:04:42] ERROR: Test Error: Error: No tests found.
Make sure that arguments are regular expressions matching test files.
You may need to escape symbols like "$" or "*" and quote the arguments.
[2025-05-13 16:09:28] ERROR: Test Error: Error: No tests found.
Make sure that arguments are regular expressions matching test files.
You may need to escape symbols like "$" or "*" and quote the arguments.
[2025-05-13 16:10:20] ERROR: Test Error: Error: No tests found.
Make sure that arguments are regular expressions matching test files.
You may need to escape symbols like "$" or "*" and quote the arguments.
[2025-05-14 05:01:14] ERROR: Test Error: [31mTesting stopped early after 1 maximum allowed failures.[39m
[2025-05-14 05:06:14] ERROR: Test Error: [31mTesting stopped early after 1 maximum allowed failures.[39m
[2025-05-14 05:18:32] ERROR: Test Error: [31mTesting stopped early after 1 maximum allowed failures.[39m
[2025-05-14 05:24:04] ERROR: Test Error: [31mTesting stopped early after 1 maximum allowed failures.[39m
[2025-05-14 09:42:13] ERROR: Test Error: Error: No tests found.
Make sure that arguments are regular expressions matching test files.
You may need to escape symbols like "$" or "*" and quote the arguments.
[2025-05-14 09:45:42] ERROR: Test Error: Error: No tests found.
Make sure that arguments are regular expressions matching test files.
You may need to escape symbols like "$" or "*" and quote the arguments.
[2025-05-14 10:10:12] ERROR: Test Error: Error: No tests found.
Make sure that arguments are regular expressions matching test files.
You may need to escape symbols like "$" or "*" and quote the arguments.
[2025-05-14 13:14:02] ERROR: Test Error: Error: No tests found.
Make sure that arguments are regular expressions matching test files.
You may need to escape symbols like "$" or "*" and quote the arguments.
[2025-05-14 13:15:29] ERROR: Test Error: Error: No tests found.
Make sure that arguments are regular expressions matching test files.
You may need to escape symbols like "$" or "*" and quote the arguments.
[2025-05-14 13:18:45] ERROR: Test Error: Error: No tests found.
Make sure that arguments are regular expressions matching test files.
You may need to escape symbols like "$" or "*" and quote the arguments.
